[0.440s] Invoking command in '/home/airlab/Desktop/project_ws/src/leg_dector': PYTHONPATH=/home/airlab/Desktop/project_ws/build/leg_dector/prefix_override:/home/airlab/Desktop/project_ws/install/leg_dector/lib/python3.8/site-packages: /usr/bin/python3 -W ignore:setup.py install is deprecated setup.py egg_info --egg-base ../../build/leg_dector build --build-base /home/airlab/Desktop/project_ws/build/leg_dector/build install --record /home/airlab/Desktop/project_ws/build/leg_dector/install.log --single-version-externally-managed install_data
[0.571s] running egg_info
[0.574s] writing ../../build/leg_dector/leg_dector.egg-info/PKG-INFO
[0.574s] writing dependency_links to ../../build/leg_dector/leg_dector.egg-info/dependency_links.txt
[0.574s] writing entry points to ../../build/leg_dector/leg_dector.egg-info/entry_points.txt
[0.574s] writing requirements to ../../build/leg_dector/leg_dector.egg-info/requires.txt
[0.574s] writing top-level names to ../../build/leg_dector/leg_dector.egg-info/top_level.txt
[0.598s] reading manifest file '../../build/leg_dector/leg_dector.egg-info/SOURCES.txt'
[0.598s] writing manifest file '../../build/leg_dector/leg_dector.egg-info/SOURCES.txt'
[0.598s] running build
[0.599s] running build_py
[0.599s] running install
[0.599s] running install_lib
[0.600s] running install_data
[0.601s] running install_egg_info
[0.602s] removing '/home/airlab/Desktop/project_ws/install/leg_dector/lib/python3.8/site-packages/leg_dector-0.0.0-py3.8.egg-info' (and everything under it)
[0.612s] Copying ../../build/leg_dector/leg_dector.egg-info to /home/airlab/Desktop/project_ws/install/leg_dector/lib/python3.8/site-packages/leg_dector-0.0.0-py3.8.egg-info
[0.612s] running install_scripts
[0.624s] Installing human_following script to /home/airlab/Desktop/project_ws/install/leg_dector/lib/leg_dector
[0.625s] Installing leg_detection script to /home/airlab/Desktop/project_ws/install/leg_dector/lib/leg_dector
[0.626s] writing list of installed files to '/home/airlab/Desktop/project_ws/build/leg_dector/install.log'
[0.652s] Invoked command in '/home/airlab/Desktop/project_ws/src/leg_dector' returned '0': PYTHONPATH=/home/airlab/Desktop/project_ws/build/leg_dector/prefix_override:/home/airlab/Desktop/project_ws/install/leg_dector/lib/python3.8/site-packages: /usr/bin/python3 -W ignore:setup.py install is deprecated setup.py egg_info --egg-base ../../build/leg_dector build --build-base /home/airlab/Desktop/project_ws/build/leg_dector/build install --record /home/airlab/Desktop/project_ws/build/leg_dector/install.log --single-version-externally-managed install_data
