[0.479s] Invoking command in '/home/airlab/Desktop/project_ws/src/leg_dector': PYTHONPATH=/home/airlab/Desktop/project_ws/build/leg_dector/prefix_override:/home/airlab/Desktop/project_ws/install/leg_dector/lib/python3.8/site-packages: /usr/bin/python3 -W ignore:setup.py install is deprecated setup.py egg_info --egg-base ../../build/leg_dector build --build-base /home/airlab/Desktop/project_ws/build/leg_dector/build install --record /home/airlab/Desktop/project_ws/build/leg_dector/install.log --single-version-externally-managed install_data
[0.615s] running egg_info
[0.615s] writing ../../build/leg_dector/leg_dector.egg-info/PKG-INFO
[0.616s] writing dependency_links to ../../build/leg_dector/leg_dector.egg-info/dependency_links.txt
[0.616s] writing entry points to ../../build/leg_dector/leg_dector.egg-info/entry_points.txt
[0.616s] writing requirements to ../../build/leg_dector/leg_dector.egg-info/requires.txt
[0.616s] writing top-level names to ../../build/leg_dector/leg_dector.egg-info/top_level.txt
[0.640s] reading manifest file '../../build/leg_dector/leg_dector.egg-info/SOURCES.txt'
[0.641s] writing manifest file '../../build/leg_dector/leg_dector.egg-info/SOURCES.txt'
[0.641s] running build
[0.641s] running build_py
[0.641s] running install
[0.641s] running install_lib
[0.642s] running install_data
[0.642s] running install_egg_info
[0.643s] removing '/home/airlab/Desktop/project_ws/install/leg_dector/lib/python3.8/site-packages/leg_dector-0.0.0-py3.8.egg-info' (and everything under it)
[0.653s] Copying ../../build/leg_dector/leg_dector.egg-info to /home/airlab/Desktop/project_ws/install/leg_dector/lib/python3.8/site-packages/leg_dector-0.0.0-py3.8.egg-info
[0.654s] running install_scripts
[0.665s] Installing human_following script to /home/airlab/Desktop/project_ws/install/leg_dector/lib/leg_dector
[0.666s] Installing leg_detection script to /home/airlab/Desktop/project_ws/install/leg_dector/lib/leg_dector
[0.666s] writing list of installed files to '/home/airlab/Desktop/project_ws/build/leg_dector/install.log'
[0.681s] Invoked command in '/home/airlab/Desktop/project_ws/src/leg_dector' returned '0': PYTHONPATH=/home/airlab/Desktop/project_ws/build/leg_dector/prefix_override:/home/airlab/Desktop/project_ws/install/leg_dector/lib/python3.8/site-packages: /usr/bin/python3 -W ignore:setup.py install is deprecated setup.py egg_info --egg-base ../../build/leg_dector build --build-base /home/airlab/Desktop/project_ws/build/leg_dector/build install --record /home/airlab/Desktop/project_ws/build/leg_dector/install.log --single-version-externally-managed install_data
