[0.441s] Invoking command in '/home/airlab/Desktop/project_ws/src/leg_dector': PYTHONPATH=/home/airlab/Desktop/project_ws/build/leg_dector/prefix_override:/home/airlab/Desktop/project_ws/install/leg_dector/lib/python3.8/site-packages: /usr/bin/python3 -W ignore:setup.py install is deprecated setup.py egg_info --egg-base ../../build/leg_dector build --build-base /home/airlab/Desktop/project_ws/build/leg_dector/build install --record /home/airlab/Desktop/project_ws/build/leg_dector/install.log --single-version-externally-managed install_data
[0.575s] running egg_info
[0.577s] writing ../../build/leg_dector/leg_dector.egg-info/PKG-INFO
[0.578s] writing dependency_links to ../../build/leg_dector/leg_dector.egg-info/dependency_links.txt
[0.578s] writing entry points to ../../build/leg_dector/leg_dector.egg-info/entry_points.txt
[0.578s] writing requirements to ../../build/leg_dector/leg_dector.egg-info/requires.txt
[0.578s] writing top-level names to ../../build/leg_dector/leg_dector.egg-info/top_level.txt
[0.601s] reading manifest file '../../build/leg_dector/leg_dector.egg-info/SOURCES.txt'
[0.602s] writing manifest file '../../build/leg_dector/leg_dector.egg-info/SOURCES.txt'
[0.602s] running build
[0.602s] running build_py
[0.602s] copying leg_dector/leg_detection.py -> /home/airlab/Desktop/project_ws/build/leg_dector/build/lib/leg_dector
[0.602s] running install
[0.603s] running install_lib
[0.604s] copying /home/airlab/Desktop/project_ws/build/leg_dector/build/lib/leg_dector/leg_detection.py -> /home/airlab/Desktop/project_ws/install/leg_dector/lib/python3.8/site-packages/leg_dector
[0.604s] byte-compiling /home/airlab/Desktop/project_ws/install/leg_dector/lib/python3.8/site-packages/leg_dector/leg_detection.py to leg_detection.cpython-38.pyc
[0.608s]   File "/home/airlab/Desktop/project_ws/install/leg_dector/lib/python3.8/site-packages/leg_dector/leg_detection.py", line 58
[0.608s]     ys = ranges * np.sin(angles)10
[0.608s]                                 ^
[0.608s] SyntaxError: invalid syntax
[0.608s] 
[0.608s] running install_data
[0.608s] running install_egg_info
[0.608s] removing '/home/airlab/Desktop/project_ws/install/leg_dector/lib/python3.8/site-packages/leg_dector-0.0.0-py3.8.egg-info' (and everything under it)
[0.608s] Copying ../../build/leg_dector/leg_dector.egg-info to /home/airlab/Desktop/project_ws/install/leg_dector/lib/python3.8/site-packages/leg_dector-0.0.0-py3.8.egg-info
[0.608s] running install_scripts
[0.621s] Installing human_following script to /home/airlab/Desktop/project_ws/install/leg_dector/lib/leg_dector
[0.621s] Installing leg_detection script to /home/airlab/Desktop/project_ws/install/leg_dector/lib/leg_dector
[0.621s] writing list of installed files to '/home/airlab/Desktop/project_ws/build/leg_dector/install.log'
[0.641s] Invoked command in '/home/airlab/Desktop/project_ws/src/leg_dector' returned '0': PYTHONPATH=/home/airlab/Desktop/project_ws/build/leg_dector/prefix_override:/home/airlab/Desktop/project_ws/install/leg_dector/lib/python3.8/site-packages: /usr/bin/python3 -W ignore:setup.py install is deprecated setup.py egg_info --egg-base ../../build/leg_dector build --build-base /home/airlab/Desktop/project_ws/build/leg_dector/build install --record /home/airlab/Desktop/project_ws/build/leg_dector/install.log --single-version-externally-managed install_data
