running develop
Removing /home/airlab/Desktop/project_ws/install/leg_dector/lib/python3.8/site-packages/leg-dector.egg-link (link to .)
running egg_info
writing ../../build/leg_dector/leg_dector.egg-info/PKG-INFO
writing dependency_links to ../../build/leg_dector/leg_dector.egg-info/dependency_links.txt
writing entry points to ../../build/leg_dector/leg_dector.egg-info/entry_points.txt
writing requirements to ../../build/leg_dector/leg_dector.egg-info/requires.txt
writing top-level names to ../../build/leg_dector/leg_dector.egg-info/top_level.txt
reading manifest file '../../build/leg_dector/leg_dector.egg-info/SOURCES.txt'
writing manifest file '../../build/leg_dector/leg_dector.egg-info/SOURCES.txt'
running build
running build_py
copying leg_dector/human_following.py -> /home/airlab/Desktop/project_ws/build/leg_dector/build/lib/leg_dector
running install
running install_lib
creating /home/airlab/Desktop/project_ws/install/leg_dector/lib/python3.8/site-packages/leg_dector
copying /home/airlab/Desktop/project_ws/build/leg_dector/build/lib/leg_dector/leg_detection.py -> /home/airlab/Desktop/project_ws/install/leg_dector/lib/python3.8/site-packages/leg_dector
copying /home/airlab/Desktop/project_ws/build/leg_dector/build/lib/leg_dector/human_following.py -> /home/airlab/Desktop/project_ws/install/leg_dector/lib/python3.8/site-packages/leg_dector
copying /home/airlab/Desktop/project_ws/build/leg_dector/build/lib/leg_dector/__init__.py -> /home/airlab/Desktop/project_ws/install/leg_dector/lib/python3.8/site-packages/leg_dector
byte-compiling /home/airlab/Desktop/project_ws/install/leg_dector/lib/python3.8/site-packages/leg_dector/leg_detection.py to leg_detection.cpython-38.pyc
byte-compiling /home/airlab/Desktop/project_ws/install/leg_dector/lib/python3.8/site-packages/leg_dector/human_following.py to human_following.cpython-38.pyc
byte-compiling /home/airlab/Desktop/project_ws/install/leg_dector/lib/python3.8/site-packages/leg_dector/__init__.py to __init__.cpython-38.pyc
running install_data
copying resource/leg_dector -> /home/airlab/Desktop/project_ws/install/leg_dector/share/ament_index/resource_index/packages
copying package.xml -> /home/airlab/Desktop/project_ws/install/leg_dector/share/leg_dector
running install_egg_info
Copying ../../build/leg_dector/leg_dector.egg-info to /home/airlab/Desktop/project_ws/install/leg_dector/lib/python3.8/site-packages/leg_dector-0.0.0-py3.8.egg-info
running install_scripts
Installing human_following script to /home/airlab/Desktop/project_ws/install/leg_dector/lib/leg_dector
Installing leg_detection script to /home/airlab/Desktop/project_ws/install/leg_dector/lib/leg_dector
writing list of installed files to '/home/airlab/Desktop/project_ws/build/leg_dector/install.log'
