[0.407s] Invoking command in '/home/airlab/Desktop/project_ws/build/leg_dector': PYTHONPATH=/home/airlab/Desktop/project_ws/build/leg_dector/prefix_override:/home/airlab/Desktop/project_ws/install/leg_dector/lib/python3.8/site-packages: /usr/bin/python3 -W ignore:setup.py install is deprecated setup.py develop --uninstall --editable --build-directory /home/airlab/Desktop/project_ws/build/leg_dector/build
[0.551s] running develop
[0.628s] Removing /home/airlab/Desktop/project_ws/install/leg_dector/lib/python3.8/site-packages/leg-dector.egg-link (link to .)
[0.650s] Invoked command in '/home/airlab/Desktop/project_ws/build/leg_dector' returned '0': PYTHONPATH=/home/airlab/Desktop/project_ws/build/leg_dector/prefix_override:/home/airlab/Desktop/project_ws/install/leg_dector/lib/python3.8/site-packages: /usr/bin/python3 -W ignore:setup.py install is deprecated setup.py develop --uninstall --editable --build-directory /home/airlab/Desktop/project_ws/build/leg_dector/build
[0.650s] Invoking command in '/home/airlab/Desktop/project_ws/src/leg_dector': PYTHONPATH=/home/airlab/Desktop/project_ws/build/leg_dector/prefix_override:/home/airlab/Desktop/project_ws/install/leg_dector/lib/python3.8/site-packages: /usr/bin/python3 -W ignore:setup.py install is deprecated setup.py egg_info --egg-base ../../build/leg_dector build --build-base /home/airlab/Desktop/project_ws/build/leg_dector/build install --record /home/airlab/Desktop/project_ws/build/leg_dector/install.log --single-version-externally-managed install_data --force
[0.790s] running egg_info
[0.790s] writing ../../build/leg_dector/leg_dector.egg-info/PKG-INFO
[0.791s] writing dependency_links to ../../build/leg_dector/leg_dector.egg-info/dependency_links.txt
[0.791s] writing entry points to ../../build/leg_dector/leg_dector.egg-info/entry_points.txt
[0.791s] writing requirements to ../../build/leg_dector/leg_dector.egg-info/requires.txt
[0.791s] writing top-level names to ../../build/leg_dector/leg_dector.egg-info/top_level.txt
[0.821s] reading manifest file '../../build/leg_dector/leg_dector.egg-info/SOURCES.txt'
[0.822s] writing manifest file '../../build/leg_dector/leg_dector.egg-info/SOURCES.txt'
[0.822s] running build
[0.822s] running build_py
[0.822s] copying leg_dector/human_following.py -> /home/airlab/Desktop/project_ws/build/leg_dector/build/lib/leg_dector
[0.823s] running install
[0.823s] running install_lib
[0.824s] creating /home/airlab/Desktop/project_ws/install/leg_dector/lib/python3.8/site-packages/leg_dector
[0.824s] copying /home/airlab/Desktop/project_ws/build/leg_dector/build/lib/leg_dector/leg_detection.py -> /home/airlab/Desktop/project_ws/install/leg_dector/lib/python3.8/site-packages/leg_dector
[0.824s] copying /home/airlab/Desktop/project_ws/build/leg_dector/build/lib/leg_dector/human_following.py -> /home/airlab/Desktop/project_ws/install/leg_dector/lib/python3.8/site-packages/leg_dector
[0.824s] copying /home/airlab/Desktop/project_ws/build/leg_dector/build/lib/leg_dector/__init__.py -> /home/airlab/Desktop/project_ws/install/leg_dector/lib/python3.8/site-packages/leg_dector
[0.825s] byte-compiling /home/airlab/Desktop/project_ws/install/leg_dector/lib/python3.8/site-packages/leg_dector/leg_detection.py to leg_detection.cpython-38.pyc
[0.826s] byte-compiling /home/airlab/Desktop/project_ws/install/leg_dector/lib/python3.8/site-packages/leg_dector/human_following.py to human_following.cpython-38.pyc
[0.827s] byte-compiling /home/airlab/Desktop/project_ws/install/leg_dector/lib/python3.8/site-packages/leg_dector/__init__.py to __init__.cpython-38.pyc
[0.827s] running install_data
[0.827s] copying resource/leg_dector -> /home/airlab/Desktop/project_ws/install/leg_dector/share/ament_index/resource_index/packages
[0.827s] copying package.xml -> /home/airlab/Desktop/project_ws/install/leg_dector/share/leg_dector
[0.827s] running install_egg_info
[0.828s] Copying ../../build/leg_dector/leg_dector.egg-info to /home/airlab/Desktop/project_ws/install/leg_dector/lib/python3.8/site-packages/leg_dector-0.0.0-py3.8.egg-info
[0.829s] running install_scripts
[0.841s] Installing human_following script to /home/airlab/Desktop/project_ws/install/leg_dector/lib/leg_dector
[0.842s] Installing leg_detection script to /home/airlab/Desktop/project_ws/install/leg_dector/lib/leg_dector
[0.842s] writing list of installed files to '/home/airlab/Desktop/project_ws/build/leg_dector/install.log'
[0.855s] Invoked command in '/home/airlab/Desktop/project_ws/src/leg_dector' returned '0': PYTHONPATH=/home/airlab/Desktop/project_ws/build/leg_dector/prefix_override:/home/airlab/Desktop/project_ws/install/leg_dector/lib/python3.8/site-packages: /usr/bin/python3 -W ignore:setup.py install is deprecated setup.py egg_info --egg-base ../../build/leg_dector build --build-base /home/airlab/Desktop/project_ws/build/leg_dector/build install --record /home/airlab/Desktop/project_ws/build/leg_dector/install.log --single-version-externally-managed install_data --force
