running egg_info
writing ../../build/leg_dector/leg_dector.egg-info/PKG-INFO
writing dependency_links to ../../build/leg_dector/leg_dector.egg-info/dependency_links.txt
writing entry points to ../../build/leg_dector/leg_dector.egg-info/entry_points.txt
writing requirements to ../../build/leg_dector/leg_dector.egg-info/requires.txt
writing top-level names to ../../build/leg_dector/leg_dector.egg-info/top_level.txt
reading manifest file '../../build/leg_dector/leg_dector.egg-info/SOURCES.txt'
writing manifest file '../../build/leg_dector/leg_dector.egg-info/SOURCES.txt'
running build
running build_py
running install
running install_lib
running install_data
copying package.xml -> /home/airlab/Desktop/project_ws/install/leg_dector/share/leg_dector
running install_egg_info
removing '/home/airlab/Desktop/project_ws/install/leg_dector/lib/python3.8/site-packages/leg_dector-0.0.0-py3.8.egg-info' (and everything under it)
Copying ../../build/leg_dector/leg_dector.egg-info to /home/airlab/Desktop/project_ws/install/leg_dector/lib/python3.8/site-packages/leg_dector-0.0.0-py3.8.egg-info
running install_scripts
Installing leg_detection script to /home/airlab/Desktop/project_ws/install/leg_dector/lib/leg_dector
writing list of installed files to '/home/airlab/Desktop/project_ws/build/leg_dector/install.log'
