[0.000000] (-) TimerEvent: {}
[0.000571] (leg_dector) JobQueued: {'identifier': 'leg_dector', 'dependencies': OrderedDict()}
[0.000612] (leg_dector) JobStarted: {'identifier': 'leg_dector'}
[0.005220] (leg_dector) JobProgress: {'identifier': 'leg_dector', 'progress': 'cmake'}
[0.005437] (leg_dector) Command: {'cmd': ['/usr/bin/cmake', '/home/airlab/Desktop/project_ws/src/leg_dector', '-DCMAKE_INSTALL_PREFIX=/home/airlab/Desktop/project_ws/install/leg_dector'], 'cwd': '/home/airlab/Desktop/project_ws/build/leg_dector', 'env': OrderedDict([('SUDO_GID', '1000'), ('MAIL', '/var/mail/root'), ('LC_TIME', 'lzh_TW'), ('USER', 'root'), ('HOME', '/root'), ('LC_MONETARY', 'lzh_TW'), ('COLORTERM', 'truecolor'), ('SUDO_UID', '1000'), ('LOGNAME', 'root'), ('TERM', 'xterm-256color'), ('PATH', '/usr/local/sbin:/usr/local/bin:/usr/sbin:/usr/bin:/sbin:/bin:/snap/bin'), ('LC_ADDRESS', 'lzh_TW'), ('DISPLAY', ':0'), ('LANG', 'en_US.UTF-8'), ('LC_TELEPHONE', 'lzh_TW'), ('XAUTHORITY', '/run/user/1000/gdm/Xauthority'), ('SUDO_COMMAND', '/usr/bin/colcon build'), ('LC_NAME', 'lzh_TW'), ('SHELL', '/bin/bash'), ('SUDO_USER', 'airlab'), ('LC_MEASUREMENT', 'lzh_TW'), ('LC_IDENTIFICATION', 'lzh_TW'), ('LC_ALL', 'en_US.UTF-8'), ('PWD', '/home/airlab/Desktop/project_ws/build/leg_dector'), ('LC_NUMERIC', 'lzh_TW'), ('LC_PAPER', 'lzh_TW'), ('COLCON', '1')]), 'shell': False}
[0.046364] (leg_dector) StderrLine: {'line': b'CMake Warning (dev) in CMakeLists.txt:\n'}
[0.046619] (leg_dector) StderrLine: {'line': b'  No project() command is present.  The top-level CMakeLists.txt file must\n'}
[0.046673] (leg_dector) StderrLine: {'line': b'  contain a literal, direct call to the project() command.  Add a line of\n'}
[0.046718] (leg_dector) StderrLine: {'line': b'  code such as\n'}
[0.046759] (leg_dector) StderrLine: {'line': b'\n'}
[0.046799] (leg_dector) StderrLine: {'line': b'    project(ProjectName)\n'}
[0.046838] (leg_dector) StderrLine: {'line': b'\n'}
[0.046877] (leg_dector) StderrLine: {'line': b'  near the top of the file, but after cmake_minimum_required().\n'}
[0.046956] (leg_dector) StderrLine: {'line': b'\n'}
[0.046999] (leg_dector) StderrLine: {'line': b'  CMake is pretending there is a "project(Project)" command on the first\n'}
[0.047039] (leg_dector) StderrLine: {'line': b'  line.\n'}
[0.047077] (leg_dector) StderrLine: {'line': b'This warning is for project developers.  Use -Wno-dev to suppress it.\n'}
[0.047113] (leg_dector) StderrLine: {'line': b'\n'}
[0.100933] (-) TimerEvent: {}
[0.201489] (-) TimerEvent: {}
[0.285115] (leg_dector) StdoutLine: {'line': b'-- The C compiler identification is GNU 9.4.0\n'}
[0.305510] (-) TimerEvent: {}
[0.405871] (-) TimerEvent: {}
[0.453300] (leg_dector) StdoutLine: {'line': b'-- The CXX compiler identification is GNU 9.4.0\n'}
[0.465052] (leg_dector) StdoutLine: {'line': b'-- Check for working C compiler: /usr/bin/cc\n'}
[0.506431] (-) TimerEvent: {}
[0.540340] (leg_dector) StdoutLine: {'line': b'-- Check for working C compiler: /usr/bin/cc -- works\n'}
[0.542506] (leg_dector) StdoutLine: {'line': b'-- Detecting C compiler ABI info\n'}
[0.607345] (-) TimerEvent: {}
[0.625567] (leg_dector) StdoutLine: {'line': b'-- Detecting C compiler ABI info - done\n'}
[0.632269] (leg_dector) StdoutLine: {'line': b'-- Detecting C compile features\n'}
[0.632899] (leg_dector) StdoutLine: {'line': b'-- Detecting C compile features - done\n'}
[0.636756] (leg_dector) StdoutLine: {'line': b'-- Check for working CXX compiler: /usr/bin/c++\n'}
[0.710080] (-) TimerEvent: {}
[0.722844] (leg_dector) StdoutLine: {'line': b'-- Check for working CXX compiler: /usr/bin/c++ -- works\n'}
[0.723697] (leg_dector) StdoutLine: {'line': b'-- Detecting CXX compiler ABI info\n'}
[0.805157] (leg_dector) StdoutLine: {'line': b'-- Detecting CXX compiler ABI info - done\n'}
[0.810674] (-) TimerEvent: {}
[0.820607] (leg_dector) StdoutLine: {'line': b'-- Detecting CXX compile features\n'}
[0.821669] (leg_dector) StdoutLine: {'line': b'-- Detecting CXX compile features - done\n'}
[0.833067] (leg_dector) StderrLine: {'line': b'CMake Error at CMakeLists.txt:1 (find_package):\n'}
[0.833214] (leg_dector) StderrLine: {'line': b'  By not providing "Findrosidl_default_generators.cmake" in CMAKE_MODULE_PATH\n'}
[0.833278] (leg_dector) StderrLine: {'line': b'  this project has asked CMake to find a package configuration file provided\n'}
[0.833332] (leg_dector) StderrLine: {'line': b'  by "rosidl_default_generators", but CMake did not find one.\n'}
[0.833374] (leg_dector) StderrLine: {'line': b'\n'}
[0.833415] (leg_dector) StderrLine: {'line': b'  Could not find a package configuration file provided by\n'}
[0.833454] (leg_dector) StderrLine: {'line': b'  "rosidl_default_generators" with any of the following names:\n'}
[0.833494] (leg_dector) StderrLine: {'line': b'\n'}
[0.833542] (leg_dector) StderrLine: {'line': b'    rosidl_default_generatorsConfig.cmake\n'}
[0.833598] (leg_dector) StderrLine: {'line': b'    rosidl_default_generators-config.cmake\n'}
[0.833639] (leg_dector) StderrLine: {'line': b'\n'}
[0.833679] (leg_dector) StderrLine: {'line': b'  Add the installation prefix of "rosidl_default_generators" to\n'}
[0.833717] (leg_dector) StderrLine: {'line': b'  CMAKE_PREFIX_PATH or set "rosidl_default_generators_DIR" to a directory\n'}
[0.833757] (leg_dector) StderrLine: {'line': b'  containing one of the above files.  If "rosidl_default_generators" provides\n'}
[0.833796] (leg_dector) StderrLine: {'line': b'  a separate development package or SDK, be sure it has been installed.\n'}
[0.833834] (leg_dector) StderrLine: {'line': b'\n'}
[0.833872] (leg_dector) StderrLine: {'line': b'\n'}
[0.834074] (leg_dector) StderrLine: {'line': b'CMake Warning (dev) in CMakeLists.txt:\n'}
[0.834143] (leg_dector) StderrLine: {'line': b'  No cmake_minimum_required command is present.  A line of code such as\n'}
[0.834189] (leg_dector) StderrLine: {'line': b'\n'}
[0.834231] (leg_dector) StderrLine: {'line': b'    cmake_minimum_required(VERSION 3.16)\n'}
[0.834271] (leg_dector) StderrLine: {'line': b'\n'}
[0.834309] (leg_dector) StderrLine: {'line': b'  should be added at the top of the file.  The version specified may be lower\n'}
[0.834349] (leg_dector) StderrLine: {'line': b'  if you wish to support older CMake versions for this project.  For more\n'}
[0.834388] (leg_dector) StderrLine: {'line': b'  information run "cmake --help-policy CMP0000".\n'}
[0.834426] (leg_dector) StderrLine: {'line': b'This warning is for project developers.  Use -Wno-dev to suppress it.\n'}
[0.834465] (leg_dector) StderrLine: {'line': b'\n'}
[0.834858] (leg_dector) StdoutLine: {'line': b'-- Configuring incomplete, errors occurred!\n'}
[0.834929] (leg_dector) StdoutLine: {'line': b'See also "/home/airlab/Desktop/project_ws/build/leg_dector/CMakeFiles/CMakeOutput.log".\n'}
[0.837483] (leg_dector) CommandEnded: {'returncode': 1}
[0.838052] (leg_dector) JobEnded: {'identifier': 'leg_dector', 'rc': 1}
[0.850652] (-) EventReactorShutdown: {}
