[0.467s] Invoking command in '/home/airlab/Desktop/project_ws/src/leg_dector': PYTHONPATH=/home/airlab/Desktop/project_ws/build/leg_dector/prefix_override:/home/airlab/Desktop/project_ws/install/leg_dector/lib/python3.8/site-packages:${PYTHONPATH} /usr/bin/python3 -W ignore:setup.py install is deprecated setup.py egg_info --egg-base ../../build/leg_dector build --build-base /home/airlab/Desktop/project_ws/build/leg_dector/build install --record /home/airlab/Desktop/project_ws/build/leg_dector/install.log --single-version-externally-managed install_data
[0.605s] running egg_info
[0.606s] creating ../../build/leg_dector/leg_dector.egg-info
[0.606s] writing ../../build/leg_dector/leg_dector.egg-info/PKG-INFO
[0.607s] writing dependency_links to ../../build/leg_dector/leg_dector.egg-info/dependency_links.txt
[0.607s] writing entry points to ../../build/leg_dector/leg_dector.egg-info/entry_points.txt
[0.607s] writing requirements to ../../build/leg_dector/leg_dector.egg-info/requires.txt
[0.607s] writing top-level names to ../../build/leg_dector/leg_dector.egg-info/top_level.txt
[0.611s] writing manifest file '../../build/leg_dector/leg_dector.egg-info/SOURCES.txt'
[0.632s] reading manifest file '../../build/leg_dector/leg_dector.egg-info/SOURCES.txt'
[0.633s] writing manifest file '../../build/leg_dector/leg_dector.egg-info/SOURCES.txt'
[0.633s] running build
[0.633s] running build_py
[0.633s] creating /home/airlab/Desktop/project_ws/build/leg_dector/build
[0.633s] creating /home/airlab/Desktop/project_ws/build/leg_dector/build/lib
[0.633s] creating /home/airlab/Desktop/project_ws/build/leg_dector/build/lib/leg_dector
[0.634s] copying leg_dector/leg_detection.py -> /home/airlab/Desktop/project_ws/build/leg_dector/build/lib/leg_dector
[0.634s] copying leg_dector/__init__.py -> /home/airlab/Desktop/project_ws/build/leg_dector/build/lib/leg_dector
[0.634s] running install
[0.634s] running install_lib
[0.635s] creating /home/airlab/Desktop/project_ws/install/leg_dector/lib/python3.8/site-packages/leg_dector
[0.635s] copying /home/airlab/Desktop/project_ws/build/leg_dector/build/lib/leg_dector/leg_detection.py -> /home/airlab/Desktop/project_ws/install/leg_dector/lib/python3.8/site-packages/leg_dector
[0.635s] copying /home/airlab/Desktop/project_ws/build/leg_dector/build/lib/leg_dector/__init__.py -> /home/airlab/Desktop/project_ws/install/leg_dector/lib/python3.8/site-packages/leg_dector
[0.635s] byte-compiling /home/airlab/Desktop/project_ws/install/leg_dector/lib/python3.8/site-packages/leg_dector/leg_detection.py to leg_detection.cpython-38.pyc
[0.636s] byte-compiling /home/airlab/Desktop/project_ws/install/leg_dector/lib/python3.8/site-packages/leg_dector/__init__.py to __init__.cpython-38.pyc
[0.636s] running install_data
[0.636s] creating /home/airlab/Desktop/project_ws/install/leg_dector/share/ament_index
[0.637s] creating /home/airlab/Desktop/project_ws/install/leg_dector/share/ament_index/resource_index
[0.637s] creating /home/airlab/Desktop/project_ws/install/leg_dector/share/ament_index/resource_index/packages
[0.637s] copying resource/leg_dector -> /home/airlab/Desktop/project_ws/install/leg_dector/share/ament_index/resource_index/packages
[0.637s] copying package.xml -> /home/airlab/Desktop/project_ws/install/leg_dector/share/leg_dector
[0.637s] running install_egg_info
[0.638s] Copying ../../build/leg_dector/leg_dector.egg-info to /home/airlab/Desktop/project_ws/install/leg_dector/lib/python3.8/site-packages/leg_dector-0.0.0-py3.8.egg-info
[0.638s] running install_scripts
[0.649s] Installing leg_detection script to /home/airlab/Desktop/project_ws/install/leg_dector/lib/leg_dector
[0.649s] writing list of installed files to '/home/airlab/Desktop/project_ws/build/leg_dector/install.log'
[0.660s] Invoked command in '/home/airlab/Desktop/project_ws/src/leg_dector' returned '0': PYTHONPATH=/home/airlab/Desktop/project_ws/build/leg_dector/prefix_override:/home/airlab/Desktop/project_ws/install/leg_dector/lib/python3.8/site-packages:${PYTHONPATH} /usr/bin/python3 -W ignore:setup.py install is deprecated setup.py egg_info --egg-base ../../build/leg_dector build --build-base /home/airlab/Desktop/project_ws/build/leg_dector/build install --record /home/airlab/Desktop/project_ws/build/leg_dector/install.log --single-version-externally-managed install_data
