[0.699s] Invoking command in '/home/airlab/Desktop/project_ws/src/leg_dector': PYTHONPATH=/home/airlab/Desktop/project_ws/build/leg_dector/prefix_override:/home/airlab/Desktop/project_ws/install/leg_dector/lib/python3.8/site-packages: /usr/bin/python3 -W ignore:setup.py install is deprecated setup.py egg_info --egg-base ../../build/leg_dector build --build-base /home/airlab/Desktop/project_ws/build/leg_dector/build install --record /home/airlab/Desktop/project_ws/build/leg_dector/install.log --single-version-externally-managed install_data
[1.018s] running egg_info
[1.019s] writing ../../build/leg_dector/leg_dector.egg-info/PKG-INFO
[1.019s] writing dependency_links to ../../build/leg_dector/leg_dector.egg-info/dependency_links.txt
[1.019s] writing entry points to ../../build/leg_dector/leg_dector.egg-info/entry_points.txt
[1.020s] writing requirements to ../../build/leg_dector/leg_dector.egg-info/requires.txt
[1.020s] writing top-level names to ../../build/leg_dector/leg_dector.egg-info/top_level.txt
[1.049s] reading manifest file '../../build/leg_dector/leg_dector.egg-info/SOURCES.txt'
[1.050s] writing manifest file '../../build/leg_dector/leg_dector.egg-info/SOURCES.txt'
[1.051s] running build
[1.051s] running build_py
[1.051s] running install
[1.052s] running install_lib
[1.053s] running install_data
[1.053s] running install_egg_info
[1.054s] removing '/home/airlab/Desktop/project_ws/install/leg_dector/lib/python3.8/site-packages/leg_dector-0.0.0-py3.8.egg-info' (and everything under it)
[1.064s] Copying ../../build/leg_dector/leg_dector.egg-info to /home/airlab/Desktop/project_ws/install/leg_dector/lib/python3.8/site-packages/leg_dector-0.0.0-py3.8.egg-info
[1.064s] running install_scripts
[1.080s] Installing human_following script to /home/airlab/Desktop/project_ws/install/leg_dector/lib/leg_dector
[1.080s] Installing leg_detection script to /home/airlab/Desktop/project_ws/install/leg_dector/lib/leg_dector
[1.081s] writing list of installed files to '/home/airlab/Desktop/project_ws/build/leg_dector/install.log'
[1.099s] Invoked command in '/home/airlab/Desktop/project_ws/src/leg_dector' returned '0': PYTHONPATH=/home/airlab/Desktop/project_ws/build/leg_dector/prefix_override:/home/airlab/Desktop/project_ws/install/leg_dector/lib/python3.8/site-packages: /usr/bin/python3 -W ignore:setup.py install is deprecated setup.py egg_info --egg-base ../../build/leg_dector build --build-base /home/airlab/Desktop/project_ws/build/leg_dector/build install --record /home/airlab/Desktop/project_ws/build/leg_dector/install.log --single-version-externally-managed install_data
