[0.454s] Invoking command in '/home/airlab/Desktop/project_ws/src/leg_dector': PYTHONPATH=/home/airlab/Desktop/project_ws/build/leg_dector/prefix_override:/home/airlab/Desktop/project_ws/install/leg_dector/lib/python3.8/site-packages: /usr/bin/python3 -W ignore:setup.py install is deprecated setup.py egg_info --egg-base ../../build/leg_dector build --build-base /home/airlab/Desktop/project_ws/build/leg_dector/build install --record /home/airlab/Desktop/project_ws/build/leg_dector/install.log --single-version-externally-managed install_data
[0.577s] running egg_info
[0.577s] writing ../../build/leg_dector/leg_dector.egg-info/PKG-INFO
[0.578s] writing dependency_links to ../../build/leg_dector/leg_dector.egg-info/dependency_links.txt
[0.578s] writing entry points to ../../build/leg_dector/leg_dector.egg-info/entry_points.txt
[0.578s] writing requirements to ../../build/leg_dector/leg_dector.egg-info/requires.txt
[0.578s] writing top-level names to ../../build/leg_dector/leg_dector.egg-info/top_level.txt
[0.603s] reading manifest file '../../build/leg_dector/leg_dector.egg-info/SOURCES.txt'
[0.604s] writing manifest file '../../build/leg_dector/leg_dector.egg-info/SOURCES.txt'
[0.604s] running build
[0.604s] running build_py
[0.605s] copying leg_dector/leg_detection.py -> /home/airlab/Desktop/project_ws/build/leg_dector/build/lib/leg_dector
[0.607s] running install
[0.607s] running install_lib
[0.607s] copying /home/airlab/Desktop/project_ws/build/leg_dector/build/lib/leg_dector/leg_detection.py -> /home/airlab/Desktop/project_ws/install/leg_dector/lib/python3.8/site-packages/leg_dector
[0.607s] byte-compiling /home/airlab/Desktop/project_ws/install/leg_dector/lib/python3.8/site-packages/leg_dector/leg_detection.py to leg_detection.cpython-38.pyc
[0.613s]   File "/home/airlab/Desktop/project_ws/install/leg_dector/lib/python3.8/site-packages/leg_dector/leg_detection.py", line 64
[0.613s]     return None, None
[0.613s]     ^
[0.613s] SyntaxError: 'return' outside function
[0.613s] 
[0.613s] running install_data
[0.614s] running install_egg_info
[0.614s] removing '/home/airlab/Desktop/project_ws/install/leg_dector/lib/python3.8/site-packages/leg_dector-0.0.0-py3.8.egg-info' (and everything under it)
[0.622s] Copying ../../build/leg_dector/leg_dector.egg-info to /home/airlab/Desktop/project_ws/install/leg_dector/lib/python3.8/site-packages/leg_dector-0.0.0-py3.8.egg-info
[0.622s] running install_scripts
[0.633s] Installing leg_detection script to /home/airlab/Desktop/project_ws/install/leg_dector/lib/leg_dector
[0.633s] writing list of installed files to '/home/airlab/Desktop/project_ws/build/leg_dector/install.log'
[0.650s] Invoked command in '/home/airlab/Desktop/project_ws/src/leg_dector' returned '0': PYTHONPATH=/home/airlab/Desktop/project_ws/build/leg_dector/prefix_override:/home/airlab/Desktop/project_ws/install/leg_dector/lib/python3.8/site-packages: /usr/bin/python3 -W ignore:setup.py install is deprecated setup.py egg_info --egg-base ../../build/leg_dector build --build-base /home/airlab/Desktop/project_ws/build/leg_dector/build install --record /home/airlab/Desktop/project_ws/build/leg_dector/install.log --single-version-externally-managed install_data
