[0.677s] Invoking command in '/home/airlab/Desktop/project_ws/src/leg_dector': PYTHONPATH=/home/airlab/Desktop/project_ws/build/leg_dector/prefix_override:/home/airlab/Desktop/project_ws/install/leg_dector/lib/python3.8/site-packages: /usr/bin/python3 -W ignore:setup.py install is deprecated setup.py egg_info --egg-base ../../build/leg_dector build --build-base /home/airlab/Desktop/project_ws/build/leg_dector/build install --record /home/airlab/Desktop/project_ws/build/leg_dector/install.log --single-version-externally-managed install_data
[0.886s] running egg_info
[0.886s] writing ../../build/leg_dector/leg_dector.egg-info/PKG-INFO
[0.887s] writing dependency_links to ../../build/leg_dector/leg_dector.egg-info/dependency_links.txt
[0.887s] writing entry points to ../../build/leg_dector/leg_dector.egg-info/entry_points.txt
[0.888s] writing requirements to ../../build/leg_dector/leg_dector.egg-info/requires.txt
[0.888s] writing top-level names to ../../build/leg_dector/leg_dector.egg-info/top_level.txt
[0.957s] reading manifest file '../../build/leg_dector/leg_dector.egg-info/SOURCES.txt'
[0.958s] writing manifest file '../../build/leg_dector/leg_dector.egg-info/SOURCES.txt'
[0.958s] running build
[0.959s] running build_py
[0.966s] copying leg_dector/leg_detection.py -> /home/airlab/Desktop/project_ws/build/leg_dector/build/lib/leg_dector
[0.969s] running install
[0.973s] running install_lib
[0.974s] copying /home/airlab/Desktop/project_ws/build/leg_dector/build/lib/leg_dector/leg_detection.py -> /home/airlab/Desktop/project_ws/install/leg_dector/lib/python3.8/site-packages/leg_dector
[0.976s] byte-compiling /home/airlab/Desktop/project_ws/install/leg_dector/lib/python3.8/site-packages/leg_dector/leg_detection.py to leg_detection.cpython-38.pyc
[0.982s] running install_data
[0.982s] running install_egg_info
[0.986s] removing '/home/airlab/Desktop/project_ws/install/leg_dector/lib/python3.8/site-packages/leg_dector-0.0.0-py3.8.egg-info' (and everything under it)
[0.996s] Copying ../../build/leg_dector/leg_dector.egg-info to /home/airlab/Desktop/project_ws/install/leg_dector/lib/python3.8/site-packages/leg_dector-0.0.0-py3.8.egg-info
[1.002s] running install_scripts
[1.034s] Installing human_following script to /home/airlab/Desktop/project_ws/install/leg_dector/lib/leg_dector
[1.034s] Installing leg_detection script to /home/airlab/Desktop/project_ws/install/leg_dector/lib/leg_dector
[1.035s] writing list of installed files to '/home/airlab/Desktop/project_ws/build/leg_dector/install.log'
[1.095s] Invoked command in '/home/airlab/Desktop/project_ws/src/leg_dector' returned '0': PYTHONPATH=/home/airlab/Desktop/project_ws/build/leg_dector/prefix_override:/home/airlab/Desktop/project_ws/install/leg_dector/lib/python3.8/site-packages: /usr/bin/python3 -W ignore:setup.py install is deprecated setup.py egg_info --egg-base ../../build/leg_dector build --build-base /home/airlab/Desktop/project_ws/build/leg_dector/build install --record /home/airlab/Desktop/project_ws/build/leg_dector/install.log --single-version-externally-managed install_data
