[0.000000] (-) TimerEvent: {}
[0.000353] (leg_dector) JobQueued: {'identifier': 'leg_dector', 'dependencies': OrderedDict()}
[0.001162] (leg_dector) JobStarted: {'identifier': 'leg_dector'}
[0.100455] (-) TimerEvent: {}
[0.201069] (-) TimerEvent: {}
[0.301524] (-) TimerEvent: {}
[0.402044] (-) TimerEvent: {}
[0.502661] (-) TimerEvent: {}
[0.518754] (leg_dector) Command: {'cmd': ['/usr/bin/python3', '-W', 'ignore:setup.py install is deprecated', 'setup.py', 'develop', '--editable', '--build-directory', '/home/airlab/Desktop/project_ws/build/leg_dector/build', '--no-deps', 'symlink_data', '--force'], 'cwd': '/home/airlab/Desktop/project_ws/build/leg_dector', 'env': {'SUDO_GID': '1000', 'MAIL': '/var/mail/root', 'LC_TIME': 'lzh_TW', 'USER': 'root', 'HOME': '/root', 'LC_MONETARY': 'lzh_TW', 'COLORTERM': 'truecolor', 'SUDO_UID': '1000', 'LOGNAME': 'root', 'TERM': 'xterm-256color', 'PATH': '/usr/local/sbin:/usr/local/bin:/usr/sbin:/usr/bin:/sbin:/bin:/snap/bin', 'LC_ADDRESS': 'lzh_TW', 'DISPLAY': ':0', 'LANG': 'en_US.UTF-8', 'LC_TELEPHONE': 'lzh_TW', 'XAUTHORITY': '/run/user/1000/gdm/Xauthority', 'SUDO_COMMAND': '/usr/bin/colcon build --symlink-install', 'LC_NAME': 'lzh_TW', 'SHELL': '/bin/bash', 'SUDO_USER': 'airlab', 'LC_MEASUREMENT': 'lzh_TW', 'LC_IDENTIFICATION': 'lzh_TW', 'LC_ALL': 'en_US.UTF-8', 'PWD': '/home/airlab/Desktop/project_ws/build/leg_dector', 'LC_NUMERIC': 'lzh_TW', 'LC_PAPER': 'lzh_TW', 'COLCON': '1', 'PYTHONPATH': '/home/airlab/Desktop/project_ws/build/leg_dector/prefix_override:/home/airlab/Desktop/project_ws/install/leg_dector/lib/python3.8/site-packages:'}, 'shell': False}
[0.603251] (-) TimerEvent: {}
[0.682382] (leg_dector) StdoutLine: {'line': b'running develop\n'}
[0.703787] (-) TimerEvent: {}
[0.770772] (leg_dector) StdoutLine: {'line': b'running egg_info\n'}
[0.771273] (leg_dector) StdoutLine: {'line': b'writing leg_dector.egg-info/PKG-INFO\n'}
[0.771356] (leg_dector) StdoutLine: {'line': b'writing dependency_links to leg_dector.egg-info/dependency_links.txt\n'}
[0.771411] (leg_dector) StdoutLine: {'line': b'writing entry points to leg_dector.egg-info/entry_points.txt\n'}
[0.771456] (leg_dector) StdoutLine: {'line': b'writing requirements to leg_dector.egg-info/requires.txt\n'}
[0.771577] (leg_dector) StdoutLine: {'line': b'writing top-level names to leg_dector.egg-info/top_level.txt\n'}
[0.796734] (leg_dector) StdoutLine: {'line': b"reading manifest file 'leg_dector.egg-info/SOURCES.txt'\n"}
[0.797731] (leg_dector) StdoutLine: {'line': b"writing manifest file 'leg_dector.egg-info/SOURCES.txt'\n"}
[0.804335] (-) TimerEvent: {}
[0.823168] (leg_dector) StdoutLine: {'line': b'running build_ext\n'}
[0.823968] (leg_dector) StdoutLine: {'line': b'Creating /home/airlab/Desktop/project_ws/install/leg_dector/lib/python3.8/site-packages/site.py\n'}
[0.825475] (leg_dector) StdoutLine: {'line': b'Creating /home/airlab/Desktop/project_ws/install/leg_dector/lib/python3.8/site-packages/leg-dector.egg-link (link to .)\n'}
[0.826204] (leg_dector) StdoutLine: {'line': b'Installing human_following script to /home/airlab/Desktop/project_ws/install/leg_dector/lib/leg_dector\n'}
[0.826716] (leg_dector) StdoutLine: {'line': b'Installing leg_detection script to /home/airlab/Desktop/project_ws/install/leg_dector/lib/leg_dector\n'}
[0.827068] (leg_dector) StdoutLine: {'line': b'\n'}
[0.827152] (leg_dector) StdoutLine: {'line': b'Installed /home/airlab/Desktop/project_ws/build/leg_dector\n'}
[0.827312] (leg_dector) StdoutLine: {'line': b'running symlink_data\n'}
[0.827600] (leg_dector) StdoutLine: {'line': b'symbolically linking /home/airlab/Desktop/project_ws/build/leg_dector/resource/leg_dector -> /home/airlab/Desktop/project_ws/install/leg_dector/share/ament_index/resource_index/packages\n'}
[0.827890] (leg_dector) StdoutLine: {'line': b'symbolically linking /home/airlab/Desktop/project_ws/build/leg_dector/package.xml -> /home/airlab/Desktop/project_ws/install/leg_dector/share/leg_dector\n'}
[0.846064] (leg_dector) CommandEnded: {'returncode': 0}
[0.869446] (leg_dector) JobEnded: {'identifier': 'leg_dector', 'rc': 0}
[0.870290] (-) EventReactorShutdown: {}
