[0.724s] Invoking command in '/home/airlab/Desktop/project_ws/src/leg_dector': PYTHONPATH=/home/airlab/Desktop/project_ws/build/leg_dector/prefix_override:/home/airlab/Desktop/project_ws/install/leg_dector/lib/python3.8/site-packages: /usr/bin/python3 -W ignore:setup.py install is deprecated setup.py egg_info --egg-base ../../build/leg_dector build --build-base /home/airlab/Desktop/project_ws/build/leg_dector/build install --record /home/airlab/Desktop/project_ws/build/leg_dector/install.log --single-version-externally-managed install_data
[0.995s] running egg_info
[1.002s] writing ../../build/leg_dector/leg_dector.egg-info/PKG-INFO
[1.002s] writing dependency_links to ../../build/leg_dector/leg_dector.egg-info/dependency_links.txt
[1.002s] writing entry points to ../../build/leg_dector/leg_dector.egg-info/entry_points.txt
[1.004s] writing requirements to ../../build/leg_dector/leg_dector.egg-info/requires.txt
[1.004s] writing top-level names to ../../build/leg_dector/leg_dector.egg-info/top_level.txt
[1.070s] reading manifest file '../../build/leg_dector/leg_dector.egg-info/SOURCES.txt'
[1.071s] writing manifest file '../../build/leg_dector/leg_dector.egg-info/SOURCES.txt'
[1.071s] running build
[1.071s] running build_py
[1.071s] copying leg_dector/leg_detection.py -> /home/airlab/Desktop/project_ws/build/leg_dector/build/lib/leg_dector
[1.075s] running install
[1.076s] running install_lib
[1.078s] copying /home/airlab/Desktop/project_ws/build/leg_dector/build/lib/leg_dector/leg_detection.py -> /home/airlab/Desktop/project_ws/install/leg_dector/lib/python3.8/site-packages/leg_dector
[1.079s] byte-compiling /home/airlab/Desktop/project_ws/install/leg_dector/lib/python3.8/site-packages/leg_dector/leg_detection.py to leg_detection.cpython-38.pyc
[1.085s] running install_data
[1.088s] running install_egg_info
[1.089s] removing '/home/airlab/Desktop/project_ws/install/leg_dector/lib/python3.8/site-packages/leg_dector-0.0.0-py3.8.egg-info' (and everything under it)
[1.089s] Copying ../../build/leg_dector/leg_dector.egg-info to /home/airlab/Desktop/project_ws/install/leg_dector/lib/python3.8/site-packages/leg_dector-0.0.0-py3.8.egg-info
[1.090s] running install_scripts
[1.121s] Installing human_following script to /home/airlab/Desktop/project_ws/install/leg_dector/lib/leg_dector
[1.122s] Installing leg_detection script to /home/airlab/Desktop/project_ws/install/leg_dector/lib/leg_dector
[1.122s] writing list of installed files to '/home/airlab/Desktop/project_ws/build/leg_dector/install.log'
[1.147s] Invoked command in '/home/airlab/Desktop/project_ws/src/leg_dector' returned '0': PYTHONPATH=/home/airlab/Desktop/project_ws/build/leg_dector/prefix_override:/home/airlab/Desktop/project_ws/install/leg_dector/lib/python3.8/site-packages: /usr/bin/python3 -W ignore:setup.py install is deprecated setup.py egg_info --egg-base ../../build/leg_dector build --build-base /home/airlab/Desktop/project_ws/build/leg_dector/build install --record /home/airlab/Desktop/project_ws/build/leg_dector/install.log --single-version-externally-managed install_data
