[0.633s] Invoking command in '/home/airlab/Desktop/project_ws/src/leg_dector': PYTHONPATH=/home/airlab/Desktop/project_ws/build/leg_dector/prefix_override:/home/airlab/Desktop/project_ws/install/leg_dector/lib/python3.8/site-packages: /usr/bin/python3 -W ignore:setup.py install is deprecated setup.py egg_info --egg-base ../../build/leg_dector build --build-base /home/airlab/Desktop/project_ws/build/leg_dector/build install --record /home/airlab/Desktop/project_ws/build/leg_dector/install.log --single-version-externally-managed install_data
[0.863s] running egg_info
[0.864s] writing ../../build/leg_dector/leg_dector.egg-info/PKG-INFO
[0.865s] writing dependency_links to ../../build/leg_dector/leg_dector.egg-info/dependency_links.txt
[0.866s] writing entry points to ../../build/leg_dector/leg_dector.egg-info/entry_points.txt
[0.866s] writing requirements to ../../build/leg_dector/leg_dector.egg-info/requires.txt
[0.866s] writing top-level names to ../../build/leg_dector/leg_dector.egg-info/top_level.txt
[0.891s] reading manifest file '../../build/leg_dector/leg_dector.egg-info/SOURCES.txt'
[0.892s] writing manifest file '../../build/leg_dector/leg_dector.egg-info/SOURCES.txt'
[0.893s] running build
[0.893s] running build_py
[0.894s] copying leg_dector/leg_detection.py -> /home/airlab/Desktop/project_ws/build/leg_dector/build/lib/leg_dector
[0.894s] running install
[0.896s] running install_lib
[0.897s] copying /home/airlab/Desktop/project_ws/build/leg_dector/build/lib/leg_dector/leg_detection.py -> /home/airlab/Desktop/project_ws/install/leg_dector/lib/python3.8/site-packages/leg_dector
[0.897s] byte-compiling /home/airlab/Desktop/project_ws/install/leg_dector/lib/python3.8/site-packages/leg_dector/leg_detection.py to leg_detection.cpython-38.pyc
[0.900s] running install_data
[0.900s] running install_egg_info
[0.902s] removing '/home/airlab/Desktop/project_ws/install/leg_dector/lib/python3.8/site-packages/leg_dector-0.0.0-py3.8.egg-info' (and everything under it)
[0.910s] Copying ../../build/leg_dector/leg_dector.egg-info to /home/airlab/Desktop/project_ws/install/leg_dector/lib/python3.8/site-packages/leg_dector-0.0.0-py3.8.egg-info
[0.910s] running install_scripts
[0.924s] Installing human_following script to /home/airlab/Desktop/project_ws/install/leg_dector/lib/leg_dector
[0.925s] Installing leg_detection script to /home/airlab/Desktop/project_ws/install/leg_dector/lib/leg_dector
[0.926s] writing list of installed files to '/home/airlab/Desktop/project_ws/build/leg_dector/install.log'
[0.945s] Invoked command in '/home/airlab/Desktop/project_ws/src/leg_dector' returned '0': PYTHONPATH=/home/airlab/Desktop/project_ws/build/leg_dector/prefix_override:/home/airlab/Desktop/project_ws/install/leg_dector/lib/python3.8/site-packages: /usr/bin/python3 -W ignore:setup.py install is deprecated setup.py egg_info --egg-base ../../build/leg_dector build --build-base /home/airlab/Desktop/project_ws/build/leg_dector/build install --record /home/airlab/Desktop/project_ws/build/leg_dector/install.log --single-version-externally-managed install_data
