[0.718s] Invoking command in '/home/airlab/Desktop/project_ws/src/leg_dector': PYTHONPATH=/home/airlab/Desktop/project_ws/build/leg_dector/prefix_override:/home/airlab/Desktop/project_ws/install/leg_dector/lib/python3.8/site-packages: /usr/bin/python3 -W ignore:setup.py install is deprecated setup.py egg_info --egg-base ../../build/leg_dector build --build-base /home/airlab/Desktop/project_ws/build/leg_dector/build install --record /home/airlab/Desktop/project_ws/build/leg_dector/install.log --single-version-externally-managed install_data
[0.932s] running egg_info
[0.932s] writing ../../build/leg_dector/leg_dector.egg-info/PKG-INFO
[0.935s] writing dependency_links to ../../build/leg_dector/leg_dector.egg-info/dependency_links.txt
[0.936s] writing entry points to ../../build/leg_dector/leg_dector.egg-info/entry_points.txt
[0.937s] writing requirements to ../../build/leg_dector/leg_dector.egg-info/requires.txt
[0.937s] writing top-level names to ../../build/leg_dector/leg_dector.egg-info/top_level.txt
[0.972s] reading manifest file '../../build/leg_dector/leg_dector.egg-info/SOURCES.txt'
[0.980s] writing manifest file '../../build/leg_dector/leg_dector.egg-info/SOURCES.txt'
[0.980s] running build
[0.980s] running build_py
[0.980s] running install
[0.981s] running install_lib
[0.982s] running install_data
[0.982s] running install_egg_info
[0.984s] removing '/home/airlab/Desktop/project_ws/install/leg_dector/lib/python3.8/site-packages/leg_dector-0.0.0-py3.8.egg-info' (and everything under it)
[1.001s] Copying ../../build/leg_dector/leg_dector.egg-info to /home/airlab/Desktop/project_ws/install/leg_dector/lib/python3.8/site-packages/leg_dector-0.0.0-py3.8.egg-info
[1.003s] running install_scripts
[1.016s] Installing human_following script to /home/airlab/Desktop/project_ws/install/leg_dector/lib/leg_dector
[1.016s] Installing leg_detection script to /home/airlab/Desktop/project_ws/install/leg_dector/lib/leg_dector
[1.017s] writing list of installed files to '/home/airlab/Desktop/project_ws/build/leg_dector/install.log'
[1.069s] Invoked command in '/home/airlab/Desktop/project_ws/src/leg_dector' returned '0': PYTHONPATH=/home/airlab/Desktop/project_ws/build/leg_dector/prefix_override:/home/airlab/Desktop/project_ws/install/leg_dector/lib/python3.8/site-packages: /usr/bin/python3 -W ignore:setup.py install is deprecated setup.py egg_info --egg-base ../../build/leg_dector build --build-base /home/airlab/Desktop/project_ws/build/leg_dector/build install --record /home/airlab/Desktop/project_ws/build/leg_dector/install.log --single-version-externally-managed install_data
