[0.000000] (-) TimerEvent: {}
[0.000795] (leg_dector) JobQueued: {'identifier': 'leg_dector', 'dependencies': OrderedDict()}
[0.000914] (leg_dector) JobStarted: {'identifier': 'leg_dector'}
[0.099913] (-) TimerEvent: {}
[0.200462] (-) TimerEvent: {}
[0.301053] (-) TimerEvent: {}
[0.394958] (leg_dector) Command: {'cmd': ['/usr/bin/python3', '-W', 'ignore:setup.py install is deprecated', 'setup.py', 'egg_info', '--egg-base', '../../build/leg_dector', 'build', '--build-base', '/home/airlab/Desktop/project_ws/build/leg_dector/build', 'install', '--record', '/home/airlab/Desktop/project_ws/build/leg_dector/install.log', '--single-version-externally-managed', 'install_data'], 'cwd': '/home/airlab/Desktop/project_ws/src/leg_dector', 'env': {'SUDO_GID': '1000', 'MAIL': '/var/mail/root', 'LC_TIME': 'lzh_TW', 'USER': 'root', 'HOME': '/root', 'LC_MONETARY': 'lzh_TW', 'COLORTERM': 'truecolor', 'SUDO_UID': '1000', 'LOGNAME': 'root', 'TERM': 'xterm-256color', 'PATH': '/usr/local/sbin:/usr/local/bin:/usr/sbin:/usr/bin:/sbin:/bin:/snap/bin', 'LC_ADDRESS': 'lzh_TW', 'DISPLAY': ':0', 'LANG': 'en_US.UTF-8', 'LC_TELEPHONE': 'lzh_TW', 'XAUTHORITY': '/run/user/1000/gdm/Xauthority', 'SUDO_COMMAND': '/usr/bin/colcon build', 'LC_NAME': 'lzh_TW', 'SHELL': '/bin/bash', 'SUDO_USER': 'airlab', 'LC_MEASUREMENT': 'lzh_TW', 'LC_IDENTIFICATION': 'lzh_TW', 'LC_ALL': 'en_US.UTF-8', 'PWD': '/home/airlab/Desktop/project_ws/build/leg_dector', 'LC_NUMERIC': 'lzh_TW', 'LC_PAPER': 'lzh_TW', 'COLCON': '1', 'PYTHONPATH': '/home/airlab/Desktop/project_ws/build/leg_dector/prefix_override:/home/airlab/Desktop/project_ws/install/leg_dector/lib/python3.8/site-packages:'}, 'shell': False}
[0.402294] (-) TimerEvent: {}
[0.502712] (-) TimerEvent: {}
[0.522515] (leg_dector) StdoutLine: {'line': b'running egg_info\n'}
[0.522898] (leg_dector) StdoutLine: {'line': b'writing ../../build/leg_dector/leg_dector.egg-info/PKG-INFO\n'}
[0.523194] (leg_dector) StdoutLine: {'line': b'writing dependency_links to ../../build/leg_dector/leg_dector.egg-info/dependency_links.txt\n'}
[0.523398] (leg_dector) StdoutLine: {'line': b'writing entry points to ../../build/leg_dector/leg_dector.egg-info/entry_points.txt\n'}
[0.523582] (leg_dector) StdoutLine: {'line': b'writing requirements to ../../build/leg_dector/leg_dector.egg-info/requires.txt\n'}
[0.523861] (leg_dector) StdoutLine: {'line': b'writing top-level names to ../../build/leg_dector/leg_dector.egg-info/top_level.txt\n'}
[0.546992] (leg_dector) StdoutLine: {'line': b"reading manifest file '../../build/leg_dector/leg_dector.egg-info/SOURCES.txt'\n"}
[0.547649] (leg_dector) StdoutLine: {'line': b"writing manifest file '../../build/leg_dector/leg_dector.egg-info/SOURCES.txt'\n"}
[0.547810] (leg_dector) StdoutLine: {'line': b'running build\n'}
[0.547867] (leg_dector) StdoutLine: {'line': b'running build_py\n'}
[0.547959] (leg_dector) StdoutLine: {'line': b'copying leg_dector/leg_detection.py -> /home/airlab/Desktop/project_ws/build/leg_dector/build/lib/leg_dector\n'}
[0.548225] (leg_dector) StdoutLine: {'line': b'running install\n'}
[0.548703] (leg_dector) StdoutLine: {'line': b'running install_lib\n'}
[0.549279] (leg_dector) StdoutLine: {'line': b'copying /home/airlab/Desktop/project_ws/build/leg_dector/build/lib/leg_dector/leg_detection.py -> /home/airlab/Desktop/project_ws/install/leg_dector/lib/python3.8/site-packages/leg_dector\n'}
[0.549630] (leg_dector) StdoutLine: {'line': b'byte-compiling /home/airlab/Desktop/project_ws/install/leg_dector/lib/python3.8/site-packages/leg_dector/leg_detection.py to leg_detection.cpython-38.pyc\n'}
[0.550880] (leg_dector) StdoutLine: {'line': b'running install_data\n'}
[0.551028] (leg_dector) StdoutLine: {'line': b'running install_egg_info\n'}
[0.551883] (leg_dector) StdoutLine: {'line': b"removing '/home/airlab/Desktop/project_ws/install/leg_dector/lib/python3.8/site-packages/leg_dector-0.0.0-py3.8.egg-info' (and everything under it)\n"}
[0.561906] (leg_dector) StdoutLine: {'line': b'Copying ../../build/leg_dector/leg_dector.egg-info to /home/airlab/Desktop/project_ws/install/leg_dector/lib/python3.8/site-packages/leg_dector-0.0.0-py3.8.egg-info\n'}
[0.562510] (leg_dector) StdoutLine: {'line': b'running install_scripts\n'}
[0.573773] (leg_dector) StdoutLine: {'line': b'Installing leg_detection script to /home/airlab/Desktop/project_ws/install/leg_dector/lib/leg_dector\n'}
[0.573855] (leg_dector) StdoutLine: {'line': b"writing list of installed files to '/home/airlab/Desktop/project_ws/build/leg_dector/install.log'\n"}
[0.586714] (leg_dector) CommandEnded: {'returncode': 0}
[0.595519] (leg_dector) JobEnded: {'identifier': 'leg_dector', 'rc': 0}
[0.596289] (-) EventReactorShutdown: {}
