[0.537s] Invoking command in '/home/airlab/Desktop/project_ws/src/leg_dector': PYTHONPATH=/home/airlab/Desktop/project_ws/build/leg_dector/prefix_override:/home/airlab/Desktop/project_ws/install/leg_dector/lib/python3.8/site-packages: /usr/bin/python3 -W ignore:setup.py install is deprecated setup.py egg_info --egg-base ../../build/leg_dector build --build-base /home/airlab/Desktop/project_ws/build/leg_dector/build install --record /home/airlab/Desktop/project_ws/build/leg_dector/install.log --single-version-externally-managed install_data
[0.689s] running egg_info
[0.690s] writing ../../build/leg_dector/leg_dector.egg-info/PKG-INFO
[0.690s] writing dependency_links to ../../build/leg_dector/leg_dector.egg-info/dependency_links.txt
[0.691s] writing entry points to ../../build/leg_dector/leg_dector.egg-info/entry_points.txt
[0.691s] writing requirements to ../../build/leg_dector/leg_dector.egg-info/requires.txt
[0.691s] writing top-level names to ../../build/leg_dector/leg_dector.egg-info/top_level.txt
[0.718s] reading manifest file '../../build/leg_dector/leg_dector.egg-info/SOURCES.txt'
[0.719s] writing manifest file '../../build/leg_dector/leg_dector.egg-info/SOURCES.txt'
[0.720s] running build
[0.720s] running build_py
[0.720s] running install
[0.721s] running install_lib
[0.722s] running install_data
[0.723s] running install_egg_info
[0.724s] removing '/home/airlab/Desktop/project_ws/install/leg_dector/lib/python3.8/site-packages/leg_dector-0.0.0-py3.8.egg-info' (and everything under it)
[0.732s] Copying ../../build/leg_dector/leg_dector.egg-info to /home/airlab/Desktop/project_ws/install/leg_dector/lib/python3.8/site-packages/leg_dector-0.0.0-py3.8.egg-info
[0.733s] running install_scripts
[0.745s] Installing human_following script to /home/airlab/Desktop/project_ws/install/leg_dector/lib/leg_dector
[0.746s] Installing leg_detection script to /home/airlab/Desktop/project_ws/install/leg_dector/lib/leg_dector
[0.747s] writing list of installed files to '/home/airlab/Desktop/project_ws/build/leg_dector/install.log'
[0.764s] Invoked command in '/home/airlab/Desktop/project_ws/src/leg_dector' returned '0': PYTHONPATH=/home/airlab/Desktop/project_ws/build/leg_dector/prefix_override:/home/airlab/Desktop/project_ws/install/leg_dector/lib/python3.8/site-packages: /usr/bin/python3 -W ignore:setup.py install is deprecated setup.py egg_info --egg-base ../../build/leg_dector build --build-base /home/airlab/Desktop/project_ws/build/leg_dector/build install --record /home/airlab/Desktop/project_ws/build/leg_dector/install.log --single-version-externally-managed install_data
