[0.512s] Invoking command in '/home/airlab/Desktop/project_ws/src/leg_dector': PYTHONPATH=/home/airlab/Desktop/project_ws/build/leg_dector/prefix_override:/home/airlab/Desktop/project_ws/install/leg_dector/lib/python3.8/site-packages: /usr/bin/python3 -W ignore:setup.py install is deprecated setup.py egg_info --egg-base ../../build/leg_dector build --build-base /home/airlab/Desktop/project_ws/build/leg_dector/build install --record /home/airlab/Desktop/project_ws/build/leg_dector/install.log --single-version-externally-managed install_data
[0.666s] running egg_info
[0.667s] writing ../../build/leg_dector/leg_dector.egg-info/PKG-INFO
[0.667s] writing dependency_links to ../../build/leg_dector/leg_dector.egg-info/dependency_links.txt
[0.667s] writing entry points to ../../build/leg_dector/leg_dector.egg-info/entry_points.txt
[0.667s] writing requirements to ../../build/leg_dector/leg_dector.egg-info/requires.txt
[0.668s] writing top-level names to ../../build/leg_dector/leg_dector.egg-info/top_level.txt
[0.697s] reading manifest file '../../build/leg_dector/leg_dector.egg-info/SOURCES.txt'
[0.698s] writing manifest file '../../build/leg_dector/leg_dector.egg-info/SOURCES.txt'
[0.698s] running build
[0.698s] running build_py
[0.699s] copying leg_dector/leg_detection.py -> /home/airlab/Desktop/project_ws/build/leg_dector/build/lib/leg_dector
[0.699s] running install
[0.699s] running install_lib
[0.700s] copying /home/airlab/Desktop/project_ws/build/leg_dector/build/lib/leg_dector/leg_detection.py -> /home/airlab/Desktop/project_ws/install/leg_dector/lib/python3.8/site-packages/leg_dector
[0.701s] byte-compiling /home/airlab/Desktop/project_ws/install/leg_dector/lib/python3.8/site-packages/leg_dector/leg_detection.py to leg_detection.cpython-38.pyc
[0.702s] running install_data
[0.703s] running install_egg_info
[0.704s] removing '/home/airlab/Desktop/project_ws/install/leg_dector/lib/python3.8/site-packages/leg_dector-0.0.0-py3.8.egg-info' (and everything under it)
[0.713s] Copying ../../build/leg_dector/leg_dector.egg-info to /home/airlab/Desktop/project_ws/install/leg_dector/lib/python3.8/site-packages/leg_dector-0.0.0-py3.8.egg-info
[0.713s] running install_scripts
[0.730s] Installing human_following script to /home/airlab/Desktop/project_ws/install/leg_dector/lib/leg_dector
[0.731s] Installing leg_detection script to /home/airlab/Desktop/project_ws/install/leg_dector/lib/leg_dector
[0.731s] writing list of installed files to '/home/airlab/Desktop/project_ws/build/leg_dector/install.log'
[0.747s] Invoked command in '/home/airlab/Desktop/project_ws/src/leg_dector' returned '0': PYTHONPATH=/home/airlab/Desktop/project_ws/build/leg_dector/prefix_override:/home/airlab/Desktop/project_ws/install/leg_dector/lib/python3.8/site-packages: /usr/bin/python3 -W ignore:setup.py install is deprecated setup.py egg_info --egg-base ../../build/leg_dector build --build-base /home/airlab/Desktop/project_ws/build/leg_dector/build install --record /home/airlab/Desktop/project_ws/build/leg_dector/install.log --single-version-externally-managed install_data
