[0.393s] Invoking command in '/home/airlab/Desktop/project_ws/src/leg_dector': PYTHONPATH=/home/airlab/Desktop/project_ws/build/leg_dector/prefix_override:/home/airlab/Desktop/project_ws/install/leg_dector/lib/python3.8/site-packages: /usr/bin/python3 -W ignore:setup.py install is deprecated setup.py egg_info --egg-base ../../build/leg_dector build --build-base /home/airlab/Desktop/project_ws/build/leg_dector/build install --record /home/airlab/Desktop/project_ws/build/leg_dector/install.log --single-version-externally-managed install_data
[0.552s] running egg_info
[0.553s] writing ../../build/leg_dector/leg_dector.egg-info/PKG-INFO
[0.553s] writing dependency_links to ../../build/leg_dector/leg_dector.egg-info/dependency_links.txt
[0.556s] writing entry points to ../../build/leg_dector/leg_dector.egg-info/entry_points.txt
[0.556s] writing requirements to ../../build/leg_dector/leg_dector.egg-info/requires.txt
[0.556s] writing top-level names to ../../build/leg_dector/leg_dector.egg-info/top_level.txt
[0.579s] reading manifest file '../../build/leg_dector/leg_dector.egg-info/SOURCES.txt'
[0.580s] writing manifest file '../../build/leg_dector/leg_dector.egg-info/SOURCES.txt'
[0.580s] running build
[0.580s] running build_py
[0.580s] copying leg_dector/leg_detection.py -> /home/airlab/Desktop/project_ws/build/leg_dector/build/lib/leg_dector
[0.580s] running install
[0.581s] running install_lib
[0.582s] copying /home/airlab/Desktop/project_ws/build/leg_dector/build/lib/leg_dector/leg_detection.py -> /home/airlab/Desktop/project_ws/install/leg_dector/lib/python3.8/site-packages/leg_dector
[0.582s] byte-compiling /home/airlab/Desktop/project_ws/install/leg_dector/lib/python3.8/site-packages/leg_dector/leg_detection.py to leg_detection.cpython-38.pyc
[0.583s]   File "/home/airlab/Desktop/project_ws/install/leg_dector/lib/python3.8/site-packages/leg_dector/leg_detection.py", line 58
[0.583s]     ys = ranges * np.sin(angles)10
[0.583s]                                 ^
[0.583s] SyntaxError: invalid syntax
[0.583s] 
[0.583s] running install_data
[0.583s] running install_egg_info
[0.588s] removing '/home/airlab/Desktop/project_ws/install/leg_dector/lib/python3.8/site-packages/leg_dector-0.0.0-py3.8.egg-info' (and everything under it)
[0.588s] Copying ../../build/leg_dector/leg_dector.egg-info to /home/airlab/Desktop/project_ws/install/leg_dector/lib/python3.8/site-packages/leg_dector-0.0.0-py3.8.egg-info
[0.588s] running install_scripts
[0.598s] Installing human_following script to /home/airlab/Desktop/project_ws/install/leg_dector/lib/leg_dector
[0.598s] Installing leg_detection script to /home/airlab/Desktop/project_ws/install/leg_dector/lib/leg_dector
[0.598s] writing list of installed files to '/home/airlab/Desktop/project_ws/build/leg_dector/install.log'
[0.616s] Invoked command in '/home/airlab/Desktop/project_ws/src/leg_dector' returned '0': PYTHONPATH=/home/airlab/Desktop/project_ws/build/leg_dector/prefix_override:/home/airlab/Desktop/project_ws/install/leg_dector/lib/python3.8/site-packages: /usr/bin/python3 -W ignore:setup.py install is deprecated setup.py egg_info --egg-base ../../build/leg_dector build --build-base /home/airlab/Desktop/project_ws/build/leg_dector/build install --record /home/airlab/Desktop/project_ws/build/leg_dector/install.log --single-version-externally-managed install_data
