[0.386s] Invoking command in '/home/airlab/Desktop/project_ws/src/leg_dector': PYTHONPATH=/home/airlab/Desktop/project_ws/build/leg_dector/prefix_override:/home/airlab/Desktop/project_ws/install/leg_dector/lib/python3.8/site-packages: /usr/bin/python3 -W ignore:setup.py install is deprecated setup.py egg_info --egg-base ../../build/leg_dector build --build-base /home/airlab/Desktop/project_ws/build/leg_dector/build install --record /home/airlab/Desktop/project_ws/build/leg_dector/install.log --single-version-externally-managed install_data
[0.517s] running egg_info
[0.518s] writing ../../build/leg_dector/leg_dector.egg-info/PKG-INFO
[0.518s] writing dependency_links to ../../build/leg_dector/leg_dector.egg-info/dependency_links.txt
[0.518s] writing entry points to ../../build/leg_dector/leg_dector.egg-info/entry_points.txt
[0.519s] writing requirements to ../../build/leg_dector/leg_dector.egg-info/requires.txt
[0.519s] writing top-level names to ../../build/leg_dector/leg_dector.egg-info/top_level.txt
[0.548s] reading manifest file '../../build/leg_dector/leg_dector.egg-info/SOURCES.txt'
[0.549s] writing manifest file '../../build/leg_dector/leg_dector.egg-info/SOURCES.txt'
[0.549s] running build
[0.549s] running build_py
[0.549s] copying leg_dector/leg_detection.py -> /home/airlab/Desktop/project_ws/build/leg_dector/build/lib/leg_dector
[0.550s] running install
[0.551s] running install_lib
[0.551s] copying /home/airlab/Desktop/project_ws/build/leg_dector/build/lib/leg_dector/leg_detection.py -> /home/airlab/Desktop/project_ws/install/leg_dector/lib/python3.8/site-packages/leg_dector
[0.552s] byte-compiling /home/airlab/Desktop/project_ws/install/leg_dector/lib/python3.8/site-packages/leg_dector/leg_detection.py to leg_detection.cpython-38.pyc
[0.553s] running install_data
[0.554s] running install_egg_info
[0.555s] removing '/home/airlab/Desktop/project_ws/install/leg_dector/lib/python3.8/site-packages/leg_dector-0.0.0-py3.8.egg-info' (and everything under it)
[0.567s] Copying ../../build/leg_dector/leg_dector.egg-info to /home/airlab/Desktop/project_ws/install/leg_dector/lib/python3.8/site-packages/leg_dector-0.0.0-py3.8.egg-info
[0.568s] running install_scripts
[0.579s] Installing leg_detection script to /home/airlab/Desktop/project_ws/install/leg_dector/lib/leg_dector
[0.580s] writing list of installed files to '/home/airlab/Desktop/project_ws/build/leg_dector/install.log'
[0.595s] Invoked command in '/home/airlab/Desktop/project_ws/src/leg_dector' returned '0': PYTHONPATH=/home/airlab/Desktop/project_ws/build/leg_dector/prefix_override:/home/airlab/Desktop/project_ws/install/leg_dector/lib/python3.8/site-packages: /usr/bin/python3 -W ignore:setup.py install is deprecated setup.py egg_info --egg-base ../../build/leg_dector build --build-base /home/airlab/Desktop/project_ws/build/leg_dector/build install --record /home/airlab/Desktop/project_ws/build/leg_dector/install.log --single-version-externally-managed install_data
